<?xml version="1.0" encoding="UTF-8"?>
<testsuite name="com.kryviak.CucumberRunnerTest" tests="0" skipped="0" failures="0" errors="0" timestamp="1970-01-01T00:00:00" hostname="DESKTOP-3AIQH3S" time="0.0">
  <properties/>
  <system-out><![CDATA[
5 Scenarios (?[32m5 passed?[0m)
35 Steps (?[32m35 passed?[0m)
2m29.047s


]]></system-out>
  <system-err><![CDATA[]]></system-err>
</testsuite>
