<?xml version="1.0" encoding="UTF-8"?>
<testsuite name="GmailTest" tests="2" skipped="0" failures="0" errors="0" timestamp="2019-05-29T10:41:01" hostname="Romanka-ПК" time="34.359">
  <properties/>
  <testcase name="generalTest[0](0673404788r@gmail.com,  140992musepa)" classname="GmailTest" time="33.437"/>
  <testcase name="generalTest[0](0673404783r@gmail.com,  140992musepa)" classname="GmailTest" time="34.737"/>
  <system-out><![CDATA[?[32mINFO ?[m?[32m3 messages are selected for deleting?[m 
?[32mINFO ?[m?[32mClick "Delete" icon?[m 
?[32mINFO ?[m?[32mThere are: 3 messages in folder after deleting?[m 
]]></system-out>
  <system-err><![CDATA[Starting ChromeDriver 74.0.3729.6 (255758eccf3d244491b8a1317aa76e1ce10d57e9-refs/branch-heads/3729@{#29}) on port 31682
Only local connections are allowed.
Please protect ports used by ChromeDriver and related test frameworks to prevent access by malicious code.
Starting ChromeDriver 74.0.3729.6 (255758eccf3d244491b8a1317aa76e1ce10d57e9-refs/branch-heads/3729@{#29}) on port 14017
Only local connections are allowed.
Please protect ports used by ChromeDriver and related test frameworks to prevent access by malicious code.
мая 29, 2019 1:40:56 PM org.openqa.selenium.remote.ProtocolHandshake createSession
INFO: Detected dialect: OSS
мая 29, 2019 1:40:56 PM org.openqa.selenium.remote.ProtocolHandshake createSession
INFO: Detected dialect: OSS
]]></system-err>
</testsuite>
