<?xml version="1.0" encoding="UTF-8"?>
<testsuite name="com.halas.GmailTest" tests="5" skipped="0" failures="0" errors="0" timestamp="2019-05-29T09:56:52" hostname="Yurii" time="111.687">
  <properties/>
  <testcase name="testSingInAndGoToSavedMessageAndCheckCorrectAndSendMess[0](paprika0018@gmail.com, 423489123789op)" classname="com.halas.GmailTest" time="33.136"/>
  <testcase name="testSingInAndGoToSavedMessageAndCheckCorrectAndSendMess[0](paprika0015@gmail.com, 423489123789op)" classname="com.halas.GmailTest" time="49.136"/>
  <testcase name="testSingInAndGoToSavedMessageAndCheckCorrectAndSendMess[0](paprika0017@gmail.com, 423489123789op)" classname="com.halas.GmailTest" time="50.802"/>
  <testcase name="testSingInAndGoToSavedMessageAndCheckCorrectAndSendMess[1](paprika0019@gmail.com, 423489123789op)" classname="com.halas.GmailTest" time="40.214"/>
  <testcase name="testSingInAndGoToSavedMessageAndCheckCorrectAndSendMess[3](paprika0020@gmail.com, 423489123789op)" classname="com.halas.GmailTest" time="54.563"/>
  <system-out><![CDATA[?[32mINFO ?[m ?[32mSUCCESS authorization.?[m 
?[32mINFO ?[m ?[32mcreate draft message..?[m 
?[32mINFO ?[m ?[32mFill message in gmail..?[m 
?[32mINFO ?[m ?[32mGo to draft messages and click on first on top message.?[m 
?[32mINFO ?[m ?[32mGo to draft messages and click on first on top message.?[m 
?[32mINFO ?[m ?[32mGet actual message from gmail..?[m 
?[32mINFO ?[m ?[32mMessage FINE.?[m 
?[32mINFO ?[m ?[32mSend message..?[m 
?[32mINFO ?[m ?[32mGet actual message from gmail..?[m 
?[32mINFO ?[m ?[32mMessage FINE.?[m 
?[32mINFO ?[m ?[32mSend message..?[m 
?[32mINFO ?[m ?[32mAuthorise user..?[m 
?[32mINFO ?[m ?[32mCheck success authorization..?[m 
?[32mINFO ?[m ?[32mAuthorise user..?[m 
?[32mINFO ?[m ?[32mCheck success authorization..?[m 
?[32mINFO ?[m ?[32mSUCCESS authorization.?[m 
?[32mINFO ?[m ?[32mcreate draft message..?[m 
?[32mINFO ?[m ?[32mFill message in gmail..?[m 
?[32mINFO ?[m ?[32mGo to draft messages and click on first on top message.?[m 
?[32mINFO ?[m ?[32mSUCCESS authorization.?[m 
?[32mINFO ?[m ?[32mcreate draft message..?[m 
?[32mINFO ?[m ?[32mGet actual message from gmail..?[m 
?[32mINFO ?[m ?[32mMessage FINE.?[m 
?[32mINFO ?[m ?[32mSend message..?[m 
?[32mINFO ?[m ?[32mFill message in gmail..?[m 
?[32mINFO ?[m ?[32mGo to draft messages and click on first on top message.?[m 
?[32mINFO ?[m ?[32mGet actual message from gmail..?[m 
?[32mINFO ?[m ?[32mMessage FINE.?[m 
?[32mINFO ?[m ?[32mSend message..?[m 
]]></system-out>
  <system-err><![CDATA[Starting ChromeDriver 74.0.3729.6 (255758eccf3d244491b8a1317aa76e1ce10d57e9-refs/branch-heads/3729@{#29}) on port 8972
Only local connections are allowed.
Please protect ports used by ChromeDriver and related test frameworks to prevent access by malicious code.
Starting ChromeDriver 74.0.3729.6 (255758eccf3d244491b8a1317aa76e1ce10d57e9-refs/branch-heads/3729@{#29}) on port 16408
Only local connections are allowed.
Please protect ports used by ChromeDriver and related test frameworks to prevent access by malicious code.
Starting ChromeDriver 74.0.3729.6 (255758eccf3d244491b8a1317aa76e1ce10d57e9-refs/branch-heads/3729@{#29}) on port 13714
Only local connections are allowed.
Please protect ports used by ChromeDriver and related test frameworks to prevent access by malicious code.
трав. 29, 2019 12:56:46 ПП org.openqa.selenium.remote.ProtocolHandshake createSession
INFO: Detected dialect: OSS
трав. 29, 2019 12:56:46 ПП org.openqa.selenium.remote.ProtocolHandshake createSession
INFO: Detected dialect: OSS
трав. 29, 2019 12:56:46 ПП org.openqa.selenium.remote.ProtocolHandshake createSession
INFO: Detected dialect: OSS
Starting ChromeDriver 74.0.3729.6 (255758eccf3d244491b8a1317aa76e1ce10d57e9-refs/branch-heads/3729@{#29}) on port 31537
Only local connections are allowed.
Please protect ports used by ChromeDriver and related test frameworks to prevent access by malicious code.
трав. 29, 2019 12:57:36 ПП org.openqa.selenium.remote.ProtocolHandshake createSession
INFO: Detected dialect: OSS
Starting ChromeDriver 74.0.3729.6 (255758eccf3d244491b8a1317aa76e1ce10d57e9-refs/branch-heads/3729@{#29}) on port 26968
Only local connections are allowed.
Please protect ports used by ChromeDriver and related test frameworks to prevent access by malicious code.
трав. 29, 2019 12:57:46 ПП org.openqa.selenium.remote.ProtocolHandshake createSession
INFO: Detected dialect: OSS
]]></system-err>
</testsuite>
