<?xml version="1.0" encoding="UTF-8"?>
<!-- Generated by org.testng.reporters.JUnitReportReporter -->
<testsuite skipped="1" hostname="MacBook-Pro-Shchurko.local" name="GmailTest" tests="6" failures="0" timestamp="28 трав. 2019 20:47:00 GMT" time="182.558" errors="0">
  <testcase name="delete3EmailsAndRevert" time="37.646" classname="GmailTest"/>
  <testcase name="delete3EmailsAndRevert" time="33.398" classname="GmailTest"/>
  <testcase name="delete3EmailsAndRevert" time="37.222" classname="GmailTest"/>
  <testcase name="delete3EmailsAndRevert" time="36.891" classname="GmailTest"/>
  <testcase name="delete3EmailsAndRevert" time="37.401" classname="GmailTest"/>
  <testcase name="sendTestEmailsForUsers" classname="GmailTest">
    <skipped/>
  </testcase> <!-- sendTestEmailsForUsers -->
</testsuite> <!-- GmailTest -->
